{"backgrid-paginator.js":{"path":"backgrid-paginator.js","s":{"1":1,"2":1,"3":0,"4":1,"5":0,"6":1,"7":1,"8":185,"9":499,"10":499,"11":499,"12":499,"13":499,"14":499,"15":499,"16":499,"17":78,"18":421,"19":78,"20":343,"21":79,"22":264,"23":79,"24":185,"25":185,"26":499,"27":499,"28":499,"29":499,"30":499,"31":499,"32":499,"33":499,"34":499,"35":499,"36":499,"37":499,"38":499,"39":499,"40":499,"41":499,"42":146,"43":353,"44":78,"45":499,"46":499,"47":19,"48":19,"49":19,"50":19,"51":3,"52":16,"53":3,"54":13,"55":2,"56":11,"57":3,"58":8,"59":19,"60":1,"61":41,"62":41,"63":41,"64":41,"65":41,"66":41,"67":41,"68":41,"69":2,"70":1,"71":80,"72":160,"73":80,"74":80,"75":80,"76":80,"77":80,"78":80,"79":80,"80":80,"81":80,"82":80,"83":80,"84":80,"85":80,"86":80,"87":75,"88":75,"89":75,"90":75,"91":75,"92":72,"93":177,"94":75,"95":75,"96":300,"97":300,"98":300,"99":300,"100":300,"101":300,"102":150,"103":150,"104":75,"105":78,"106":78,"107":78,"108":3,"109":75,"110":40,"111":264,"112":75,"113":75,"114":75,"115":477,"116":75,"117":75},"b":{"1":[0,1],"2":[0,1],"3":[1,0],"4":[78,421],"5":[78,343],"6":[79,264],"7":[79,185],"8":[143,42],"9":[499,186],"10":[144,42],"11":[499,185],"12":[186,313],"13":[499,0],"14":[146,353],"15":[499,78,440,78,381,79,367,79,69],"16":[78,275],"17":[353,185],"18":[353,334,315,250],"19":[19,0],"20":[19,19],"21":[3,16],"22":[3,13],"23":[2,11],"24":[3,8],"25":[41,41],"26":[41,0],"27":[1,1],"28":[2,1],"29":[66,14],"30":[66,14],"31":[80,0],"32":[72,3],"33":[300,0],"34":[150,150],"35":[300,225],"36":[3,75],"37":[78,4],"38":[40,35]},"f":{"1":1,"2":1,"3":185,"4":499,"5":499,"6":19,"7":41,"8":2,"9":80,"10":160,"11":80,"12":75,"13":300,"14":78},"fnMap":{"1":{"name":"(anonymous_1)","line":8,"loc":{"start":{"line":8,"column":1},"end":{"line":8,"column":26}}},"2":{"name":"(anonymous_2)","line":26,"loc":{"start":{"line":26,"column":8},"end":{"line":26,"column":41}}},"3":{"name":"(anonymous_3)","line":87,"loc":{"start":{"line":87,"column":15},"end":{"line":87,"column":31}}},"4":{"name":"(anonymous_4)","line":132,"loc":{"start":{"line":132,"column":20},"end":{"line":132,"column":39}}},"5":{"name":"(anonymous_5)","line":161,"loc":{"start":{"line":161,"column":16},"end":{"line":161,"column":28}}},"6":{"name":"(anonymous_6)","line":196,"loc":{"start":{"line":196,"column":20},"end":{"line":196,"column":33}}},"7":{"name":"(anonymous_7)","line":297,"loc":{"start":{"line":297,"column":20},"end":{"line":297,"column":39}}},"8":{"name":"(anonymous_8)","line":311,"loc":{"start":{"line":311,"column":50},"end":{"line":311,"column":62}}},"9":{"name":"(anonymous_9)","line":331,"loc":{"start":{"line":331,"column":20},"end":{"line":331,"column":88}}},"10":{"name":"(anonymous_10)","line":350,"loc":{"start":{"line":350,"column":23},"end":{"line":350,"column":91}}},"11":{"name":"(anonymous_11)","line":354,"loc":{"start":{"line":354,"column":26},"end":{"line":354,"column":38}}},"12":{"name":"(anonymous_12)","line":380,"loc":{"start":{"line":380,"column":21},"end":{"line":380,"column":33}}},"13":{"name":"(anonymous_13)","line":398,"loc":{"start":{"line":398,"column":65},"end":{"line":398,"column":80}}},"14":{"name":"(anonymous_14)","line":419,"loc":{"start":{"line":419,"column":16},"end":{"line":419,"column":28}}}},"statementMap":{"1":{"start":{"line":8,"column":0},"end":{"line":449,"column":4}},"2":{"start":{"line":11,"column":4},"end":{"line":24,"column":5}},"3":{"start":{"line":12,"column":8},"end":{"line":15,"column":43}},"4":{"start":{"line":18,"column":9},"end":{"line":24,"column":5}},"5":{"start":{"line":19,"column":8},"end":{"line":19,"column":86}},"6":{"start":{"line":23,"column":8},"end":{"line":23,"column":54}},"7":{"start":{"line":70,"column":4},"end":{"line":209,"column":7}},"8":{"start":{"line":88,"column":12},"end":{"line":88,"column":40}},"9":{"start":{"line":133,"column":12},"end":{"line":133,"column":45}},"10":{"start":{"line":134,"column":12},"end":{"line":134,"column":41}},"11":{"start":{"line":135,"column":12},"end":{"line":135,"column":48}},"12":{"start":{"line":136,"column":12},"end":{"line":136,"column":44}},"13":{"start":{"line":137,"column":12},"end":{"line":137,"column":42}},"14":{"start":{"line":139,"column":12},"end":{"line":140,"column":71}},"15":{"start":{"line":142,"column":12},"end":{"line":142,"column":26}},"16":{"start":{"line":143,"column":12},"end":{"line":150,"column":13}},"17":{"start":{"line":143,"column":31},"end":{"line":143,"column":53}},"18":{"start":{"line":144,"column":17},"end":{"line":150,"column":13}},"19":{"start":{"line":144,"column":34},"end":{"line":144,"column":83}},"20":{"start":{"line":145,"column":17},"end":{"line":150,"column":13}},"21":{"start":{"line":145,"column":37},"end":{"line":145,"column":85}},"22":{"start":{"line":146,"column":17},"end":{"line":150,"column":13}},"23":{"start":{"line":146,"column":41},"end":{"line":146,"column":62}},"24":{"start":{"line":148,"column":16},"end":{"line":148,"column":47}},"25":{"start":{"line":149,"column":16},"end":{"line":149,"column":68}},"26":{"start":{"line":151,"column":12},"end":{"line":151,"column":39}},"27":{"start":{"line":153,"column":12},"end":{"line":153,"column":89}},"28":{"start":{"line":154,"column":12},"end":{"line":154,"column":52}},"29":{"start":{"line":155,"column":12},"end":{"line":155,"column":82}},"30":{"start":{"line":162,"column":12},"end":{"line":162,"column":29}},"31":{"start":{"line":163,"column":12},"end":{"line":163,"column":58}},"32":{"start":{"line":164,"column":12},"end":{"line":164,"column":35}},"33":{"start":{"line":165,"column":12},"end":{"line":165,"column":54}},"34":{"start":{"line":165,"column":28},"end":{"line":165,"column":54}},"35":{"start":{"line":166,"column":12},"end":{"line":166,"column":42}},"36":{"start":{"line":167,"column":12},"end":{"line":167,"column":40}},"37":{"start":{"line":169,"column":12},"end":{"line":169,"column":45}},"38":{"start":{"line":170,"column":12},"end":{"line":170,"column":41}},"39":{"start":{"line":171,"column":12},"end":{"line":171,"column":48}},"40":{"start":{"line":172,"column":12},"end":{"line":172,"column":43}},"41":{"start":{"line":174,"column":12},"end":{"line":186,"column":13}},"42":{"start":{"line":178,"column":16},"end":{"line":178,"column":46}},"43":{"start":{"line":180,"column":17},"end":{"line":186,"column":13}},"44":{"start":{"line":185,"column":16},"end":{"line":185,"column":44}},"45":{"start":{"line":188,"column":12},"end":{"line":188,"column":34}},"46":{"start":{"line":189,"column":12},"end":{"line":189,"column":24}},"47":{"start":{"line":197,"column":12},"end":{"line":197,"column":31}},"48":{"start":{"line":198,"column":12},"end":{"line":198,"column":54}},"49":{"start":{"line":199,"column":12},"end":{"line":205,"column":13}},"50":{"start":{"line":200,"column":16},"end":{"line":204,"column":64}},"51":{"start":{"line":200,"column":35},"end":{"line":200,"column":54}},"52":{"start":{"line":201,"column":21},"end":{"line":204,"column":64}},"53":{"start":{"line":201,"column":38},"end":{"line":201,"column":60}},"54":{"start":{"line":202,"column":21},"end":{"line":204,"column":64}},"55":{"start":{"line":202,"column":41},"end":{"line":202,"column":59}},"56":{"start":{"line":203,"column":21},"end":{"line":204,"column":64}},"57":{"start":{"line":203,"column":45},"end":{"line":203,"column":63}},"58":{"start":{"line":204,"column":21},"end":{"line":204,"column":64}},"59":{"start":{"line":206,"column":12},"end":{"line":206,"column":24}},"60":{"start":{"line":221,"column":4},"end":{"line":447,"column":7}},"61":{"start":{"line":298,"column":12},"end":{"line":298,"column":28}},"62":{"start":{"line":299,"column":12},"end":{"line":300,"column":46}},"63":{"start":{"line":302,"column":12},"end":{"line":305,"column":44}},"64":{"start":{"line":307,"column":12},"end":{"line":307,"column":38}},"65":{"start":{"line":308,"column":12},"end":{"line":308,"column":51}},"66":{"start":{"line":309,"column":12},"end":{"line":309,"column":54}},"67":{"start":{"line":310,"column":12},"end":{"line":310,"column":53}},"68":{"start":{"line":311,"column":12},"end":{"line":313,"column":15}},"69":{"start":{"line":312,"column":16},"end":{"line":312,"column":125}},"70":{"start":{"line":312,"column":93},"end":{"line":312,"column":125}},"71":{"start":{"line":332,"column":12},"end":{"line":332,"column":69}},"72":{"start":{"line":351,"column":12},"end":{"line":351,"column":47}},"73":{"start":{"line":355,"column":12},"end":{"line":355,"column":45}},"74":{"start":{"line":356,"column":12},"end":{"line":356,"column":41}},"75":{"start":{"line":359,"column":12},"end":{"line":359,"column":44}},"76":{"start":{"line":360,"column":12},"end":{"line":360,"column":43}},"77":{"start":{"line":361,"column":12},"end":{"line":361,"column":72}},"78":{"start":{"line":362,"column":12},"end":{"line":362,"column":75}},"79":{"start":{"line":363,"column":12},"end":{"line":363,"column":68}},"80":{"start":{"line":364,"column":12},"end":{"line":364,"column":45}},"81":{"start":{"line":365,"column":12},"end":{"line":365,"column":45}},"82":{"start":{"line":366,"column":12},"end":{"line":366,"column":80}},"83":{"start":{"line":367,"column":12},"end":{"line":370,"column":13}},"84":{"start":{"line":368,"column":16},"end":{"line":369,"column":94}},"85":{"start":{"line":371,"column":12},"end":{"line":371,"column":77}},"86":{"start":{"line":372,"column":12},"end":{"line":372,"column":44}},"87":{"start":{"line":382,"column":12},"end":{"line":382,"column":29}},"88":{"start":{"line":383,"column":12},"end":{"line":383,"column":45}},"89":{"start":{"line":385,"column":12},"end":{"line":385,"column":49}},"90":{"start":{"line":386,"column":12},"end":{"line":386,"column":57}},"91":{"start":{"line":388,"column":12},"end":{"line":395,"column":13}},"92":{"start":{"line":389,"column":16},"end":{"line":394,"column":17}},"93":{"start":{"line":390,"column":20},"end":{"line":393,"column":24}},"94":{"start":{"line":397,"column":12},"end":{"line":397,"column":41}},"95":{"start":{"line":398,"column":12},"end":{"line":411,"column":21}},"96":{"start":{"line":399,"column":16},"end":{"line":399,"column":42}},"97":{"start":{"line":400,"column":16},"end":{"line":410,"column":17}},"98":{"start":{"line":401,"column":20},"end":{"line":405,"column":22}},"99":{"start":{"line":406,"column":20},"end":{"line":406,"column":95}},"100":{"start":{"line":407,"column":20},"end":{"line":407,"column":69}},"101":{"start":{"line":408,"column":20},"end":{"line":409,"column":46}},"102":{"start":{"line":408,"column":58},"end":{"line":408,"column":82}},"103":{"start":{"line":409,"column":25},"end":{"line":409,"column":46}},"104":{"start":{"line":413,"column":12},"end":{"line":413,"column":27}},"105":{"start":{"line":420,"column":12},"end":{"line":420,"column":29}},"106":{"start":{"line":422,"column":12},"end":{"line":422,"column":62}},"107":{"start":{"line":425,"column":12},"end":{"line":427,"column":13}},"108":{"start":{"line":426,"column":16},"end":{"line":426,"column":28}},"109":{"start":{"line":429,"column":12},"end":{"line":433,"column":13}},"110":{"start":{"line":430,"column":16},"end":{"line":432,"column":17}},"111":{"start":{"line":431,"column":20},"end":{"line":431,"column":45}},"112":{"start":{"line":435,"column":12},"end":{"line":435,"column":60}},"113":{"start":{"line":437,"column":12},"end":{"line":437,"column":50}},"114":{"start":{"line":438,"column":12},"end":{"line":440,"column":13}},"115":{"start":{"line":439,"column":16},"end":{"line":439,"column":55}},"116":{"start":{"line":442,"column":12},"end":{"line":442,"column":36}},"117":{"start":{"line":444,"column":12},"end":{"line":444,"column":24}}},"branchMap":{"1":{"line":11,"type":"if","locations":[{"start":{"line":11,"column":4},"end":{"line":11,"column":4}},{"start":{"line":11,"column":4},"end":{"line":11,"column":4}}]},"2":{"line":18,"type":"if","locations":[{"start":{"line":18,"column":9},"end":{"line":18,"column":9}},{"start":{"line":18,"column":9},"end":{"line":18,"column":9}}]},"3":{"line":18,"type":"binary-expr","locations":[{"start":{"line":18,"column":13},"end":{"line":18,"column":41}},{"start":{"line":18,"column":45},"end":{"line":18,"column":55}}]},"4":{"line":143,"type":"if","locations":[{"start":{"line":143,"column":12},"end":{"line":143,"column":12}},{"start":{"line":143,"column":12},"end":{"line":143,"column":12}}]},"5":{"line":144,"type":"if","locations":[{"start":{"line":144,"column":17},"end":{"line":144,"column":17}},{"start":{"line":144,"column":17},"end":{"line":144,"column":17}}]},"6":{"line":145,"type":"if","locations":[{"start":{"line":145,"column":17},"end":{"line":145,"column":17}},{"start":{"line":145,"column":17},"end":{"line":145,"column":17}}]},"7":{"line":146,"type":"if","locations":[{"start":{"line":146,"column":17},"end":{"line":146,"column":17}},{"start":{"line":146,"column":17},"end":{"line":146,"column":17}}]},"8":{"line":149,"type":"cond-expr","locations":[{"start":{"line":149,"column":41},"end":{"line":149,"column":54}},{"start":{"line":149,"column":57},"end":{"line":149,"column":66}}]},"9":{"line":153,"type":"binary-expr","locations":[{"start":{"line":153,"column":26},"end":{"line":153,"column":39}},{"start":{"line":153,"column":44},"end":{"line":153,"column":81}}]},"10":{"line":153,"type":"cond-expr","locations":[{"start":{"line":153,"column":56},"end":{"line":153,"column":65}},{"start":{"line":153,"column":68},"end":{"line":153,"column":81}}]},"11":{"line":154,"type":"binary-expr","locations":[{"start":{"line":154,"column":24},"end":{"line":154,"column":37}},{"start":{"line":154,"column":41},"end":{"line":154,"column":51}}]},"12":{"line":155,"type":"cond-expr","locations":[{"start":{"line":155,"column":47},"end":{"line":155,"column":73}},{"start":{"line":155,"column":76},"end":{"line":155,"column":81}}]},"13":{"line":165,"type":"if","locations":[{"start":{"line":165,"column":12},"end":{"line":165,"column":12}},{"start":{"line":165,"column":12},"end":{"line":165,"column":12}}]},"14":{"line":174,"type":"if","locations":[{"start":{"line":174,"column":12},"end":{"line":174,"column":12}},{"start":{"line":174,"column":12},"end":{"line":174,"column":12}}]},"15":{"line":174,"type":"binary-expr","locations":[{"start":{"line":174,"column":16},"end":{"line":174,"column":29}},{"start":{"line":174,"column":33},"end":{"line":174,"column":63}},{"start":{"line":175,"column":16},"end":{"line":175,"column":27}},{"start":{"line":175,"column":31},"end":{"line":175,"column":60}},{"start":{"line":176,"column":16},"end":{"line":176,"column":30}},{"start":{"line":176,"column":34},"end":{"line":176,"column":59}},{"start":{"line":177,"column":16},"end":{"line":177,"column":34}},{"start":{"line":177,"column":39},"end":{"line":177,"column":68}},{"start":{"line":177,"column":72},"end":{"line":177,"column":92}}]},"16":{"line":180,"type":"if","locations":[{"start":{"line":180,"column":17},"end":{"line":180,"column":17}},{"start":{"line":180,"column":17},"end":{"line":180,"column":17}}]},"17":{"line":180,"type":"binary-expr","locations":[{"start":{"line":180,"column":21},"end":{"line":183,"column":35}},{"start":{"line":184,"column":16},"end":{"line":184,"column":46}}]},"18":{"line":180,"type":"binary-expr","locations":[{"start":{"line":180,"column":23},"end":{"line":180,"column":36}},{"start":{"line":181,"column":16},"end":{"line":181,"column":27}},{"start":{"line":182,"column":16},"end":{"line":182,"column":30}},{"start":{"line":183,"column":16},"end":{"line":183,"column":34}}]},"19":{"line":199,"type":"if","locations":[{"start":{"line":199,"column":12},"end":{"line":199,"column":12}},{"start":{"line":199,"column":12},"end":{"line":199,"column":12}}]},"20":{"line":199,"type":"binary-expr","locations":[{"start":{"line":199,"column":16},"end":{"line":199,"column":39}},{"start":{"line":199,"column":43},"end":{"line":199,"column":68}}]},"21":{"line":200,"type":"if","locations":[{"start":{"line":200,"column":16},"end":{"line":200,"column":16}},{"start":{"line":200,"column":16},"end":{"line":200,"column":16}}]},"22":{"line":201,"type":"if","locations":[{"start":{"line":201,"column":21},"end":{"line":201,"column":21}},{"start":{"line":201,"column":21},"end":{"line":201,"column":21}}]},"23":{"line":202,"type":"if","locations":[{"start":{"line":202,"column":21},"end":{"line":202,"column":21}},{"start":{"line":202,"column":21},"end":{"line":202,"column":21}}]},"24":{"line":203,"type":"if","locations":[{"start":{"line":203,"column":21},"end":{"line":203,"column":21}},{"start":{"line":203,"column":21},"end":{"line":203,"column":21}}]},"25":{"line":299,"type":"binary-expr","locations":[{"start":{"line":299,"column":39},"end":{"line":299,"column":55}},{"start":{"line":299,"column":59},"end":{"line":299,"column":61}}]},"26":{"line":302,"type":"binary-expr","locations":[{"start":{"line":302,"column":34},"end":{"line":302,"column":41}},{"start":{"line":302,"column":45},"end":{"line":302,"column":47}}]},"27":{"line":312,"type":"if","locations":[{"start":{"line":312,"column":16},"end":{"line":312,"column":16}},{"start":{"line":312,"column":16},"end":{"line":312,"column":16}}]},"28":{"line":312,"type":"binary-expr","locations":[{"start":{"line":312,"column":20},"end":{"line":312,"column":42}},{"start":{"line":312,"column":46},"end":{"line":312,"column":91}}]},"29":{"line":361,"type":"cond-expr","locations":[{"start":{"line":361,"column":47},"end":{"line":361,"column":59}},{"start":{"line":361,"column":62},"end":{"line":361,"column":70}}]},"30":{"line":363,"type":"cond-expr","locations":[{"start":{"line":363,"column":38},"end":{"line":363,"column":53}},{"start":{"line":363,"column":56},"end":{"line":363,"column":67}}]},"31":{"line":367,"type":"if","locations":[{"start":{"line":367,"column":12},"end":{"line":367,"column":12}},{"start":{"line":367,"column":12},"end":{"line":367,"column":12}}]},"32":{"line":388,"type":"if","locations":[{"start":{"line":388,"column":12},"end":{"line":388,"column":12}},{"start":{"line":388,"column":12},"end":{"line":388,"column":12}}]},"33":{"line":400,"type":"if","locations":[{"start":{"line":400,"column":16},"end":{"line":400,"column":16}},{"start":{"line":400,"column":16},"end":{"line":400,"column":16}}]},"34":{"line":408,"type":"if","locations":[{"start":{"line":408,"column":20},"end":{"line":408,"column":20}},{"start":{"line":408,"column":20},"end":{"line":408,"column":20}}]},"35":{"line":408,"type":"binary-expr","locations":[{"start":{"line":408,"column":24},"end":{"line":408,"column":39}},{"start":{"line":408,"column":43},"end":{"line":408,"column":56}}]},"36":{"line":425,"type":"if","locations":[{"start":{"line":425,"column":12},"end":{"line":425,"column":12}},{"start":{"line":425,"column":12},"end":{"line":425,"column":12}}]},"37":{"line":425,"type":"binary-expr","locations":[{"start":{"line":425,"column":15},"end":{"line":425,"column":43}},{"start":{"line":425,"column":47},"end":{"line":425,"column":62}}]},"38":{"line":429,"type":"if","locations":[{"start":{"line":429,"column":12},"end":{"line":429,"column":12}},{"start":{"line":429,"column":12},"end":{"line":429,"column":12}}]}}}}